<?xml version="1.0" encoding="UTF-8"?>
<!-- Generated by org.testng.reporters.JUnitReportReporter -->
<testsuite hostname="SHIVA" failures="0" tests="11" name="com.cucum.runner.LocalRunner" time="28.002" errors="0" timestamp="2024-09-09T11:09:14 IST" skipped="0">
  <testcase classname="com.cucum.runner.LocalRunner" name="runScenario" time="2.227"/>
  <testcase classname="com.cucum.runner.LocalRunner" name="runScenario" time="2.255"/>
  <testcase classname="com.cucum.runner.LocalRunner" name="runScenario" time="4.689"/>
  <testcase classname="com.cucum.runner.LocalRunner" name="runScenario" time="2.290"/>
  <testcase classname="com.cucum.runner.LocalRunner" name="runScenario" time="2.360"/>
  <testcase classname="com.cucum.runner.LocalRunner" name="runScenario" time="2.422"/>
  <testcase classname="com.cucum.runner.LocalRunner" name="runScenario" time="2.397"/>
  <testcase classname="com.cucum.runner.LocalRunner" name="runScenario" time="2.379"/>
  <testcase classname="com.cucum.runner.LocalRunner" name="runScenario" time="2.364"/>
  <testcase classname="com.cucum.runner.LocalRunner" name="runScenario" time="2.283"/>
  <testcase classname="com.cucum.runner.LocalRunner" name="runScenario" time="2.336"/>
</testsuite> <!-- com.cucum.runner.LocalRunner -->
